# JRE version: OpenJDK Runtime Environment (17.0.10) (build 17.0.10+0--11572160)
# Java VM: OpenJDK 64-Bit Server VM (17.0.10+0--11572160, mixed mode, tiered, compressed oops, compressed class ptrs, g1 gc, windows-amd64)
GC Precious Log:
 CPUs: 12 total, 12 available
 Memory: 16069M
 Large Page Support: Disabled
 NUMA Support: Disabled
 Compressed Oops: Enabled (32-bit)
 Heap Region Size: 1M
 Heap Min Capacity: 8M
 Heap Initial Capacity: 252M
 Heap Max Capacity: 2G
 Pre-touch: Disabled
 Parallel Workers: 10
 Concurrent Workers: 3
 Concurrent Refinement Workers: 10
 Periodic GC: Disabled
Heap:
 garbage-first heap   total 292864K, used 117824K [0x0000000080000000, 0x0000000100000000)
  region size 1024K, 7 young (7168K), 7 survivors (7168K)
 Metaspace       used 101445K, committed 102208K, reserved 1179648K
  class space    used 14039K, committed 14400K, reserved 1048576K
GC Heap History (20 events):
Event: 6.764 GC heap after
{Heap after GC invocations=23 (full 0):
 garbage-first heap   total 119808K, used 61877K [0x0000000080000000, 0x0000000100000000)
  region size 1024K, 1 young (1024K), 1 survivors (1024K)
 Metaspace       used 67383K, committed 68032K, reserved 1114112K
  class space    used 9276K, committed 9600K, reserved 1048576K
}
Event: 7.082 GC heap before
{Heap before GC invocations=23 (full 0):
 garbage-first heap   total 119808K, used 96693K [0x0000000080000000, 0x0000000100000000)
  region size 1024K, 35 young (35840K), 1 survivors (1024K)
 Metaspace       used 69900K, committed 70528K, reserved 1114112K
  class space    used 9602K, committed 9920K, reserved 1048576K
}
Event: 7.089 GC heap after
{Heap after GC invocations=24 (full 0):
 garbage-first heap   total 292864K, used 63151K [0x0000000080000000, 0x0000000100000000)
  region size 1024K, 2 young (2048K), 2 survivors (2048K)
 Metaspace       used 69900K, committed 70528K, reserved 1114112K
  class space    used 9602K, committed 9920K, reserved 1048576K
}
Event: 8.199 GC heap before
{Heap before GC invocations=25 (full 0):
 garbage-first heap   total 219136K, used 193199K [0x0000000080000000, 0x0000000100000000)
  region size 1024K, 128 young (131072K), 2 survivors (2048K)
 Metaspace       used 79575K, committed 80192K, reserved 1179648K
  class space    used 11050K, committed 11328K, reserved 1048576K
}
Event: 8.203 GC heap after
{Heap after GC invocations=26 (full 0):
 garbage-first heap   total 219136K, used 69496K [0x0000000080000000, 0x0000000100000000)
  region size 1024K, 9 young (9216K), 9 survivors (9216K)
 Metaspace       used 79575K, committed 80192K, reserved 1179648K
  class space    used 11050K, committed 11328K, reserved 1048576K
}
Event: 8.217 GC heap before
{Heap before GC invocations=26 (full 0):
 garbage-first heap   total 219136K, used 69496K [0x0000000080000000, 0x0000000100000000)
  region size 1024K, 10 young (10240K), 9 survivors (9216K)
 Metaspace       used 79650K, committed 80320K, reserved 1179648K
  class space    used 11068K, committed 11392K, reserved 1048576K
}
Event: 8.227 GC heap after
{Heap after GC invocations=27 (full 0):
 garbage-first heap   total 219136K, used 70158K [0x0000000080000000, 0x0000000100000000)
  region size 1024K, 2 young (2048K), 2 survivors (2048K)
 Metaspace       used 79650K, committed 80320K, reserved 1179648K
  class space    used 11068K, committed 11392K, reserved 1048576K
}
Event: 9.150 GC heap before
{Heap before GC invocations=27 (full 0):
 garbage-first heap   total 219136K, used 168462K [0x0000000080000000, 0x0000000100000000)
  region size 1024K, 98 young (100352K), 2 survivors (2048K)
 Metaspace       used 87060K, committed 87744K, reserved 1179648K
  class space    used 12233K, committed 12544K, reserved 1048576K
}
Event: 9.153 GC heap after
{Heap after GC invocations=28 (full 0):
 garbage-first heap   total 219136K, used 73830K [0x0000000080000000, 0x0000000100000000)
  region size 1024K, 5 young (5120K), 5 survivors (5120K)
 Metaspace       used 87060K, committed 87744K, reserved 1179648K
  class space    used 12233K, committed 12544K, reserved 1048576K
}
Event: 9.974 GC heap before
{Heap before GC invocations=28 (full 0):
 garbage-first heap   total 219136K, used 173158K [0x0000000080000000, 0x0000000100000000)
  region size 1024K, 102 young (104448K), 5 survivors (5120K)
 Metaspace       used 93053K, committed 93760K, reserved 1179648K
  class space    used 13167K, committed 13504K, reserved 1048576K
}
Event: 9.981 GC heap after
{Heap after GC invocations=29 (full 0):
 garbage-first heap   total 219136K, used 82186K [0x0000000080000000, 0x0000000100000000)
  region size 1024K, 13 young (13312K), 13 survivors (13312K)
 Metaspace       used 93053K, committed 93760K, reserved 1179648K
  class space    used 13167K, committed 13504K, reserved 1048576K
}
Event: 10.626 GC heap before
{Heap before GC invocations=29 (full 0):
 garbage-first heap   total 219136K, used 179466K [0x0000000080000000, 0x0000000100000000)
  region size 1024K, 102 young (104448K), 13 survivors (13312K)
 Metaspace       used 96208K, committed 96960K, reserved 1179648K
  class space    used 13473K, committed 13824K, reserved 1048576K
}
Event: 10.638 GC heap after
{Heap after GC invocations=30 (full 0):
 garbage-first heap   total 219136K, used 101325K [0x0000000080000000, 0x0000000100000000)
  region size 1024K, 13 young (13312K), 13 survivors (13312K)
 Metaspace       used 96208K, committed 96960K, reserved 1179648K
  class space    used 13473K, committed 13824K, reserved 1048576K
}
Event: 11.146 GC heap before
{Heap before GC invocations=30 (full 0):
 garbage-first heap   total 219136K, used 180173K [0x0000000080000000, 0x0000000100000000)
  region size 1024K, 74 young (75776K), 13 survivors (13312K)
 Metaspace       used 99026K, committed 99840K, reserved 1179648K
  class space    used 13770K, committed 14144K, reserved 1048576K
}
Event: 11.153 GC heap after
{Heap after GC invocations=31 (full 0):
 garbage-first heap   total 219136K, used 107937K [0x0000000080000000, 0x0000000100000000)
  region size 1024K, 8 young (8192K), 8 survivors (8192K)
 Metaspace       used 99026K, committed 99840K, reserved 1179648K
  class space    used 13770K, committed 14144K, reserved 1048576K
}
Event: 11.358 GC heap before
{Heap before GC invocations=31 (full 0):
 garbage-first heap   total 219136K, used 165281K [0x0000000080000000, 0x0000000100000000)
  region size 1024K, 65 young (66560K), 8 survivors (8192K)
 Metaspace       used 99770K, committed 100608K, reserved 1179648K
  class space    used 13857K, committed 14272K, reserved 1048576K
}
Event: 11.363 GC heap after
{Heap after GC invocations=32 (full 0):
 garbage-first heap   total 219136K, used 110038K [0x0000000080000000, 0x0000000100000000)
  region size 1024K, 5 young (5120K), 5 survivors (5120K)
 Metaspace       used 99770K, committed 100608K, reserved 1179648K
  class space    used 13857K, committed 14272K, reserved 1048576K
}
Event: 11.592 GC heap before
{Heap before GC invocations=32 (full 0):
 garbage-first heap   total 219136K, used 169430K [0x0000000080000000, 0x0000000100000000)
  region size 1024K, 64 young (65536K), 5 survivors (5120K)
 Metaspace       used 100342K, committed 101120K, reserved 1179648K
  class space    used 13912K, committed 14336K, reserved 1048576K
}
Event: 11.596 GC heap after
{Heap after GC invocations=33 (full 0):
 garbage-first heap   total 219136K, used 113079K [0x0000000080000000, 0x0000000100000000)
  region size 1024K, 6 young (6144K), 6 survivors (6144K)
 Metaspace       used 100342K, committed 101120K, reserved 1179648K
  class space    used 13912K, committed 14336K, reserved 1048576K
}
Event: 13.569 GC heap before
{Heap before GC invocations=33 (full 0):
 garbage-first heap   total 219136K, used 170423K [0x0000000080000000, 0x0000000100000000)
  region size 1024K, 63 young (64512K), 6 survivors (6144K)
 Metaspace       used 101445K, committed 102208K, reserved 1179648K
  class space    used 14039K, committed 14400K, reserved 1048576K
}

