# JRE version: OpenJDK Runtime Environment (17.0.10) (build 17.0.10+0--11572160)
# Java VM: OpenJDK 64-Bit Server VM (17.0.10+0--11572160, mixed mode, tiered, compressed oops, compressed class ptrs, g1 gc, windows-amd64)
GC Precious Log:
 CPUs: 12 total, 12 available
 Memory: 16069M
 Large Page Support: Disabled
 NUMA Support: Disabled
 Compressed Oops: Enabled (32-bit)
 Heap Region Size: 1M
 Heap Min Capacity: 8M
 Heap Initial Capacity: 252M
 Heap Max Capacity: 2G
 Pre-touch: Disabled
 Parallel Workers: 10
 Concurrent Workers: 3
 Concurrent Refinement Workers: 10
 Periodic GC: Disabled
Heap:
 garbage-first heap   total 452608K, used 336164K [0x0000000080000000, 0x0000000100000000)
  region size 1024K, 183 young (187392K), 14 survivors (14336K)
 Metaspace       used 134684K, committed 135744K, reserved 1179648K
  class space    used 18635K, committed 19136K, reserved 1048576K
GC Heap History (20 events):
Event: 1305.537 GC heap before
{Heap before GC invocations=38 (full 0):
 garbage-first heap   total 215040K, used 171927K [0x0000000080000000, 0x0000000100000000)
  region size 1024K, 61 young (62464K), 7 survivors (7168K)
 Metaspace       used 115352K, committed 116224K, reserved 1179648K
  class space    used 15897K, committed 16320K, reserved 1048576K
}
Event: 1305.541 GC heap after
{Heap after GC invocations=39 (full 0):
 garbage-first heap   total 215040K, used 118839K [0x0000000080000000, 0x0000000100000000)
  region size 1024K, 2 young (2048K), 2 survivors (2048K)
 Metaspace       used 115352K, committed 116224K, reserved 1179648K
  class space    used 15897K, committed 16320K, reserved 1048576K
}
Event: 1305.804 GC heap before
{Heap before GC invocations=39 (full 0):
 garbage-first heap   total 215040K, used 153655K [0x0000000080000000, 0x0000000100000000)
  region size 1024K, 38 young (38912K), 2 survivors (2048K)
 Metaspace       used 120100K, committed 120960K, reserved 1179648K
  class space    used 16657K, committed 17088K, reserved 1048576K
}
Event: 1305.811 GC heap after
{Heap after GC invocations=40 (full 0):
 garbage-first heap   total 215040K, used 119363K [0x0000000080000000, 0x0000000100000000)
  region size 1024K, 3 young (3072K), 3 survivors (3072K)
 Metaspace       used 120100K, committed 120960K, reserved 1179648K
  class space    used 16657K, committed 17088K, reserved 1048576K
}
Event: 1306.467 GC heap before
{Heap before GC invocations=41 (full 0):
 garbage-first heap   total 215040K, used 176707K [0x0000000080000000, 0x0000000100000000)
  region size 1024K, 60 young (61440K), 3 survivors (3072K)
 Metaspace       used 125382K, committed 126272K, reserved 1179648K
  class space    used 17644K, committed 18048K, reserved 1048576K
}
Event: 1306.479 GC heap after
{Heap after GC invocations=42 (full 0):
 garbage-first heap   total 215040K, used 122054K [0x0000000080000000, 0x0000000100000000)
  region size 1024K, 6 young (6144K), 6 survivors (6144K)
 Metaspace       used 125382K, committed 126272K, reserved 1179648K
  class space    used 17644K, committed 18048K, reserved 1048576K
}
Event: 1306.508 GC heap before
{Heap before GC invocations=42 (full 0):
 garbage-first heap   total 215040K, used 126150K [0x0000000080000000, 0x0000000100000000)
  region size 1024K, 10 young (10240K), 6 survivors (6144K)
 Metaspace       used 125586K, committed 126464K, reserved 1179648K
  class space    used 17664K, committed 18048K, reserved 1048576K
}
Event: 1306.521 GC heap after
{Heap after GC invocations=43 (full 0):
 garbage-first heap   total 215040K, used 103665K [0x0000000080000000, 0x0000000100000000)
  region size 1024K, 1 young (1024K), 1 survivors (1024K)
 Metaspace       used 125586K, committed 126464K, reserved 1179648K
  class space    used 17664K, committed 18048K, reserved 1048576K
}
Event: 1306.740 GC heap before
{Heap before GC invocations=43 (full 0):
 garbage-first heap   total 215040K, used 111857K [0x0000000080000000, 0x0000000100000000)
  region size 1024K, 10 young (10240K), 1 survivors (1024K)
 Metaspace       used 126679K, committed 127616K, reserved 1179648K
  class space    used 17811K, committed 18240K, reserved 1048576K
}
Event: 1306.745 GC heap after
{Heap after GC invocations=44 (full 0):
 garbage-first heap   total 215040K, used 103368K [0x0000000080000000, 0x0000000100000000)
  region size 1024K, 1 young (1024K), 1 survivors (1024K)
 Metaspace       used 126679K, committed 127616K, reserved 1179648K
  class space    used 17811K, committed 18240K, reserved 1048576K
}
Event: 1306.879 GC heap before
{Heap before GC invocations=44 (full 0):
 garbage-first heap   total 235520K, used 225224K [0x0000000080000000, 0x0000000100000000)
  region size 1024K, 8 young (8192K), 1 survivors (1024K)
 Metaspace       used 127174K, committed 128000K, reserved 1179648K
  class space    used 17876K, committed 18240K, reserved 1048576K
}
Event: 1306.882 GC heap after
{Heap after GC invocations=45 (full 0):
 garbage-first heap   total 235520K, used 146790K [0x0000000080000000, 0x0000000100000000)
  region size 1024K, 2 young (2048K), 2 survivors (2048K)
 Metaspace       used 127174K, committed 128000K, reserved 1179648K
  class space    used 17876K, committed 18240K, reserved 1048576K
}
Event: 1306.885 GC heap before
{Heap before GC invocations=45 (full 0):
 garbage-first heap   total 235520K, used 152934K [0x0000000080000000, 0x0000000100000000)
  region size 1024K, 3 young (3072K), 2 survivors (2048K)
 Metaspace       used 127174K, committed 128000K, reserved 1179648K
  class space    used 17876K, committed 18240K, reserved 1048576K
}
Event: 1306.887 GC heap after
{Heap after GC invocations=46 (full 0):
 garbage-first heap   total 452608K, used 146804K [0x0000000080000000, 0x0000000100000000)
  region size 1024K, 2 young (2048K), 2 survivors (2048K)
 Metaspace       used 127174K, committed 128000K, reserved 1179648K
  class space    used 17876K, committed 18240K, reserved 1048576K
}
Event: 1547.719 GC heap before
{Heap before GC invocations=46 (full 0):
 garbage-first heap   total 452608K, used 364916K [0x0000000080000000, 0x0000000100000000)
  region size 1024K, 194 young (198656K), 2 survivors (2048K)
 Metaspace       used 132954K, committed 133952K, reserved 1179648K
  class space    used 18488K, committed 18944K, reserved 1048576K
}
Event: 1547.730 GC heap after
{Heap after GC invocations=47 (full 0):
 garbage-first heap   total 452608K, used 115616K [0x0000000080000000, 0x0000000100000000)
  region size 1024K, 13 young (13312K), 13 survivors (13312K)
 Metaspace       used 132954K, committed 133952K, reserved 1179648K
  class space    used 18488K, committed 18944K, reserved 1048576K
}
Event: 1548.067 GC heap before
{Heap before GC invocations=47 (full 0):
 garbage-first heap   total 452608K, used 219040K [0x0000000080000000, 0x0000000100000000)
  region size 1024K, 52 young (53248K), 13 survivors (13312K)
 Metaspace       used 133259K, committed 134272K, reserved 1179648K
  class space    used 18513K, committed 19008K, reserved 1048576K
}
Event: 1548.073 GC heap after
{Heap after GC invocations=48 (full 0):
 garbage-first heap   total 452608K, used 159738K [0x0000000080000000, 0x0000000100000000)
  region size 1024K, 14 young (14336K), 14 survivors (14336K)
 Metaspace       used 133259K, committed 134272K, reserved 1179648K
  class space    used 18513K, committed 19008K, reserved 1048576K
}
Event: 1548.110 GC heap before
{Heap before GC invocations=48 (full 0):
 garbage-first heap   total 452608K, used 217082K [0x0000000080000000, 0x0000000100000000)
  region size 1024K, 15 young (15360K), 14 survivors (14336K)
 Metaspace       used 133259K, committed 134272K, reserved 1179648K
  class space    used 18513K, committed 19008K, reserved 1048576K
}
Event: 1548.116 GC heap after
{Heap after GC invocations=49 (full 0):
 garbage-first heap   total 452608K, used 160036K [0x0000000080000000, 0x0000000100000000)
  region size 1024K, 14 young (14336K), 14 survivors (14336K)
 Metaspace       used 133259K, committed 134272K, reserved 1179648K
  class space    used 18513K, committed 19008K, reserved 1048576K
}

