# JRE version: OpenJDK Runtime Environment (17.0.10) (build 17.0.10+0--11572160)
# Java VM: OpenJDK 64-Bit Server VM (17.0.10+0--11572160, mixed mode, tiered, compressed oops, compressed class ptrs, g1 gc, windows-amd64)
GC Precious Log:
 CPUs: 12 total, 12 available
 Memory: 16069M
 Large Page Support: Disabled
 NUMA Support: Disabled
 Compressed Oops: Enabled (32-bit)
 Heap Region Size: 1M
 Heap Min Capacity: 8M
 Heap Initial Capacity: 252M
 Heap Max Capacity: 2G
 Pre-touch: Disabled
 Parallel Workers: 10
 Concurrent Workers: 3
 Concurrent Refinement Workers: 10
 Periodic GC: Disabled
Heap:
 garbage-first heap   total 258048K, used 232309K [0x0000000080000000, 0x0000000100000000)
  region size 1024K, 5 young (5120K), 4 survivors (4096K)
 Metaspace       used 106053K, committed 106880K, reserved 1179648K
  class space    used 14594K, committed 14976K, reserved 1048576K
GC Heap History (20 events):
Event: 9.578 GC heap before
{Heap before GC invocations=29 (full 0):
 garbage-first heap   total 219136K, used 173803K [0x0000000080000000, 0x0000000100000000)
  region size 1024K, 104 young (106496K), 6 survivors (6144K)
 Metaspace       used 93084K, committed 93760K, reserved 1179648K
  class space    used 13188K, committed 13504K, reserved 1048576K
}
Event: 9.585 GC heap after
{Heap after GC invocations=30 (full 0):
 garbage-first heap   total 219136K, used 81671K [0x0000000080000000, 0x0000000100000000)
  region size 1024K, 13 young (13312K), 13 survivors (13312K)
 Metaspace       used 93084K, committed 93760K, reserved 1179648K
  class space    used 13188K, committed 13504K, reserved 1048576K
}
Event: 10.161 GC heap before
{Heap before GC invocations=30 (full 0):
 garbage-first heap   total 219136K, used 176903K [0x0000000080000000, 0x0000000100000000)
  region size 1024K, 107 young (109568K), 13 survivors (13312K)
 Metaspace       used 93970K, committed 94720K, reserved 1179648K
  class space    used 13270K, committed 13632K, reserved 1048576K
}
Event: 10.168 GC heap after
{Heap after GC invocations=31 (full 0):
 garbage-first heap   total 219136K, used 86191K [0x0000000080000000, 0x0000000100000000)
  region size 1024K, 12 young (12288K), 12 survivors (12288K)
 Metaspace       used 93970K, committed 94720K, reserved 1179648K
  class space    used 13270K, committed 13632K, reserved 1048576K
}
Event: 10.709 GC heap before
{Heap before GC invocations=31 (full 0):
 garbage-first heap   total 219136K, used 183471K [0x0000000080000000, 0x0000000100000000)
  region size 1024K, 103 young (105472K), 12 survivors (12288K)
 Metaspace       used 95843K, committed 96576K, reserved 1179648K
  class space    used 13428K, committed 13760K, reserved 1048576K
}
Event: 10.720 GC heap after
{Heap after GC invocations=32 (full 0):
 garbage-first heap   total 219136K, used 90355K [0x0000000080000000, 0x0000000100000000)
  region size 1024K, 11 young (11264K), 11 survivors (11264K)
 Metaspace       used 95843K, committed 96576K, reserved 1179648K
  class space    used 13428K, committed 13760K, reserved 1048576K
}
Event: 11.013 GC heap before
{Heap before GC invocations=32 (full 0):
 garbage-first heap   total 219136K, used 123123K [0x0000000080000000, 0x0000000100000000)
  region size 1024K, 33 young (33792K), 11 survivors (11264K)
 Metaspace       used 97950K, committed 98752K, reserved 1179648K
  class space    used 13704K, committed 14080K, reserved 1048576K
}
Event: 11.019 GC heap after
{Heap after GC invocations=33 (full 0):
 garbage-first heap   total 219136K, used 104495K [0x0000000080000000, 0x0000000100000000)
  region size 1024K, 9 young (9216K), 9 survivors (9216K)
 Metaspace       used 97950K, committed 98752K, reserved 1179648K
  class space    used 13704K, committed 14080K, reserved 1048576K
}
Event: 11.513 GC heap before
{Heap before GC invocations=34 (full 0):
 garbage-first heap   total 249856K, used 236591K [0x0000000080000000, 0x0000000100000000)
  region size 1024K, 25 young (25600K), 9 survivors (9216K)
 Metaspace       used 99876K, committed 100672K, reserved 1179648K
  class space    used 13992K, committed 14400K, reserved 1048576K
}
Event: 11.519 GC heap after
{Heap after GC invocations=35 (full 0):
 garbage-first heap   total 249856K, used 92862K [0x0000000080000000, 0x0000000100000000)
  region size 1024K, 3 young (3072K), 3 survivors (3072K)
 Metaspace       used 99876K, committed 100672K, reserved 1179648K
  class space    used 13992K, committed 14400K, reserved 1048576K
}
Event: 36.985 GC heap before
{Heap before GC invocations=35 (full 0):
 garbage-first heap   total 249856K, used 102078K [0x0000000080000000, 0x0000000100000000)
  region size 1024K, 12 young (12288K), 3 survivors (3072K)
 Metaspace       used 99983K, committed 100800K, reserved 1179648K
  class space    used 14002K, committed 14400K, reserved 1048576K
}
Event: 36.988 GC heap after
{Heap after GC invocations=36 (full 0):
 garbage-first heap   total 249856K, used 91670K [0x0000000080000000, 0x0000000100000000)
  region size 1024K, 2 young (2048K), 2 survivors (2048K)
 Metaspace       used 99983K, committed 100800K, reserved 1179648K
  class space    used 14002K, committed 14400K, reserved 1048576K
}
Event: 37.549 GC heap before
{Heap before GC invocations=36 (full 0):
 garbage-first heap   total 249856K, used 141846K [0x0000000080000000, 0x0000000100000000)
  region size 1024K, 53 young (54272K), 2 survivors (2048K)
 Metaspace       used 100783K, committed 101568K, reserved 1179648K
  class space    used 14054K, committed 14464K, reserved 1048576K
}
Event: 37.554 GC heap after
{Heap after GC invocations=37 (full 0):
 garbage-first heap   total 249856K, used 98044K [0x0000000080000000, 0x0000000100000000)
  region size 1024K, 8 young (8192K), 8 survivors (8192K)
 Metaspace       used 100783K, committed 101568K, reserved 1179648K
  class space    used 14054K, committed 14464K, reserved 1048576K
}
Event: 39.357 GC heap before
{Heap before GC invocations=38 (full 0):
 garbage-first heap   total 249856K, used 217852K [0x0000000080000000, 0x0000000100000000)
  region size 1024K, 107 young (109568K), 8 survivors (8192K)
 Metaspace       used 105750K, committed 106560K, reserved 1179648K
  class space    used 14573K, committed 14976K, reserved 1048576K
}
Event: 39.362 GC heap after
{Heap after GC invocations=39 (full 0):
 garbage-first heap   total 249856K, used 101414K [0x0000000080000000, 0x0000000100000000)
  region size 1024K, 11 young (11264K), 11 survivors (11264K)
 Metaspace       used 105750K, committed 106560K, reserved 1179648K
  class space    used 14573K, committed 14976K, reserved 1048576K
}
Event: 39.365 GC heap before
{Heap before GC invocations=39 (full 0):
 garbage-first heap   total 249856K, used 102438K [0x0000000080000000, 0x0000000100000000)
  region size 1024K, 12 young (12288K), 11 survivors (11264K)
 Metaspace       used 105751K, committed 106560K, reserved 1179648K
  class space    used 14573K, committed 14976K, reserved 1048576K
}
Event: 39.370 GC heap after
{Heap after GC invocations=40 (full 0):
 garbage-first heap   total 249856K, used 101091K [0x0000000080000000, 0x0000000100000000)
  region size 1024K, 2 young (2048K), 2 survivors (2048K)
 Metaspace       used 105751K, committed 106560K, reserved 1179648K
  class space    used 14573K, committed 14976K, reserved 1048576K
}
Event: 39.676 GC heap before
{Heap before GC invocations=40 (full 0):
 garbage-first heap   total 249856K, used 144099K [0x0000000080000000, 0x0000000100000000)
  region size 1024K, 46 young (47104K), 2 survivors (2048K)
 Metaspace       used 106051K, committed 106880K, reserved 1179648K
  class space    used 14594K, committed 14976K, reserved 1048576K
}
Event: 39.680 GC heap after
{Heap after GC invocations=41 (full 0):
 garbage-first heap   total 249856K, used 103285K [0x0000000080000000, 0x0000000100000000)
  region size 1024K, 4 young (4096K), 4 survivors (4096K)
 Metaspace       used 106051K, committed 106880K, reserved 1179648K
  class space    used 14594K, committed 14976K, reserved 1048576K
}

