# JRE version: OpenJDK Runtime Environment (17.0.10) (build 17.0.10+0--11572160)
# Java VM: OpenJDK 64-Bit Server VM (17.0.10+0--11572160, mixed mode, tiered, compressed oops, compressed class ptrs, g1 gc, windows-amd64)
GC Precious Log:
 CPUs: 12 total, 12 available
 Memory: 16069M
 Large Page Support: Disabled
 NUMA Support: Disabled
 Compressed Oops: Enabled (32-bit)
 Heap Region Size: 1M
 Heap Min Capacity: 8M
 Heap Initial Capacity: 252M
 Heap Max Capacity: 2G
 Pre-touch: Disabled
 Parallel Workers: 10
 Concurrent Workers: 3
 Concurrent Refinement Workers: 10
 Periodic GC: Disabled
Heap:
 garbage-first heap   total 432128K, used 122011K [0x0000000080000000, 0x0000000100000000)
  region size 1024K, 1 young (1024K), 1 survivors (1024K)
 Metaspace       used 158007K, committed 162304K, reserved 1245184K
  class space    used 21664K, committed 23360K, reserved 1048576K
GC Heap History (20 events):
Event: 12112.136 GC heap after
{Heap after GC invocations=167 (full 0):
 garbage-first heap   total 447488K, used 120941K [0x0000000080000000, 0x0000000100000000)
  region size 1024K, 3 young (3072K), 3 survivors (3072K)
 Metaspace       used 158302K, committed 162304K, reserved 1245184K
  class space    used 21709K, committed 23360K, reserved 1048576K
}
Event: 12112.205 GC heap before
{Heap before GC invocations=167 (full 0):
 garbage-first heap   total 447488K, used 136301K [0x0000000080000000, 0x0000000100000000)
  region size 1024K, 20 young (20480K), 3 survivors (3072K)
 Metaspace       used 158302K, committed 162304K, reserved 1245184K
  class space    used 21709K, committed 23360K, reserved 1048576K
}
Event: 12112.208 GC heap after
{Heap after GC invocations=168 (full 0):
 garbage-first heap   total 447488K, used 120609K [0x0000000080000000, 0x0000000100000000)
  region size 1024K, 3 young (3072K), 3 survivors (3072K)
 Metaspace       used 158302K, committed 162304K, reserved 1245184K
  class space    used 21709K, committed 23360K, reserved 1048576K
}
Event: 12179.157 GC heap before
{Heap before GC invocations=169 (full 0):
 garbage-first heap   total 427008K, used 400161K [0x0000000080000000, 0x0000000100000000)
  region size 1024K, 159 young (162816K), 3 survivors (3072K)
 Metaspace       used 158089K, committed 162304K, reserved 1245184K
  class space    used 21685K, committed 23360K, reserved 1048576K
}
Event: 12179.163 GC heap after
{Heap after GC invocations=170 (full 0):
 garbage-first heap   total 427008K, used 126203K [0x0000000080000000, 0x0000000100000000)
  region size 1024K, 8 young (8192K), 8 survivors (8192K)
 Metaspace       used 158089K, committed 162304K, reserved 1245184K
  class space    used 21685K, committed 23360K, reserved 1048576K
}
Event: 12179.200 GC heap before
{Heap before GC invocations=170 (full 0):
 garbage-first heap   total 427008K, used 138491K [0x0000000080000000, 0x0000000100000000)
  region size 1024K, 20 young (20480K), 8 survivors (8192K)
 Metaspace       used 158091K, committed 162304K, reserved 1245184K
  class space    used 21685K, committed 23360K, reserved 1048576K
}
Event: 12179.210 GC heap after
{Heap after GC invocations=171 (full 0):
 garbage-first heap   total 427008K, used 124631K [0x0000000080000000, 0x0000000100000000)
  region size 1024K, 2 young (2048K), 2 survivors (2048K)
 Metaspace       used 158091K, committed 162304K, reserved 1245184K
  class space    used 21685K, committed 23360K, reserved 1048576K
}
Event: 12180.335 GC heap before
{Heap before GC invocations=171 (full 0):
 garbage-first heap   total 427008K, used 182999K [0x0000000080000000, 0x0000000100000000)
  region size 1024K, 61 young (62464K), 2 survivors (2048K)
 Metaspace       used 158093K, committed 162304K, reserved 1245184K
  class space    used 21685K, committed 23360K, reserved 1048576K
}
Event: 12180.339 GC heap after
{Heap after GC invocations=172 (full 0):
 garbage-first heap   total 427008K, used 127994K [0x0000000080000000, 0x0000000100000000)
  region size 1024K, 5 young (5120K), 5 survivors (5120K)
 Metaspace       used 158093K, committed 162304K, reserved 1245184K
  class space    used 21685K, committed 23360K, reserved 1048576K
}
Event: 12196.617 GC heap before
{Heap before GC invocations=173 (full 0):
 garbage-first heap   total 427008K, used 402426K [0x0000000080000000, 0x0000000100000000)
  region size 1024K, 161 young (164864K), 5 survivors (5120K)
 Metaspace       used 157978K, committed 162304K, reserved 1245184K
  class space    used 21664K, committed 23360K, reserved 1048576K
}
Event: 12196.625 GC heap after
{Heap after GC invocations=174 (full 0):
 garbage-first heap   total 427008K, used 138247K [0x0000000080000000, 0x0000000100000000)
  region size 1024K, 15 young (15360K), 15 survivors (15360K)
 Metaspace       used 157978K, committed 162304K, reserved 1245184K
  class space    used 21664K, committed 23360K, reserved 1048576K
}
Event: 12196.680 GC heap before
{Heap before GC invocations=174 (full 0):
 garbage-first heap   total 427008K, used 142343K [0x0000000080000000, 0x0000000100000000)
  region size 1024K, 20 young (20480K), 15 survivors (15360K)
 Metaspace       used 157978K, committed 162304K, reserved 1245184K
  class space    used 21664K, committed 23360K, reserved 1048576K
}
Event: 12196.690 GC heap after
{Heap after GC invocations=175 (full 0):
 garbage-first heap   total 427008K, used 120809K [0x0000000080000000, 0x0000000100000000)
  region size 1024K, 3 young (3072K), 3 survivors (3072K)
 Metaspace       used 157978K, committed 162304K, reserved 1245184K
  class space    used 21664K, committed 23360K, reserved 1048576K
}
Event: 12196.717 GC heap before
{Heap before GC invocations=175 (full 0):
 garbage-first heap   total 427008K, used 135145K [0x0000000080000000, 0x0000000100000000)
  region size 1024K, 19 young (19456K), 3 survivors (3072K)
 Metaspace       used 157989K, committed 162304K, reserved 1245184K
  class space    used 21664K, committed 23360K, reserved 1048576K
}
Event: 12196.720 GC heap after
{Heap after GC invocations=176 (full 0):
 garbage-first heap   total 427008K, used 119856K [0x0000000080000000, 0x0000000100000000)
  region size 1024K, 2 young (2048K), 2 survivors (2048K)
 Metaspace       used 157989K, committed 162304K, reserved 1245184K
  class space    used 21664K, committed 23360K, reserved 1048576K
}
Event: 12257.088 GC heap before
{Heap before GC invocations=177 (full 0):
 garbage-first heap   total 427008K, used 404528K [0x0000000080000000, 0x0000000100000000)
  region size 1024K, 168 young (172032K), 2 survivors (2048K)
 Metaspace       used 158007K, committed 162304K, reserved 1245184K
  class space    used 21664K, committed 23360K, reserved 1048576K
}
Event: 12257.095 GC heap after
{Heap after GC invocations=178 (full 0):
 garbage-first heap   total 427008K, used 130065K [0x0000000080000000, 0x0000000100000000)
  region size 1024K, 12 young (12288K), 12 survivors (12288K)
 Metaspace       used 158007K, committed 162304K, reserved 1245184K
  class space    used 21664K, committed 23360K, reserved 1048576K
}
Event: 12257.105 GC heap before
{Heap before GC invocations=178 (full 0):
 garbage-first heap   total 427008K, used 137233K [0x0000000080000000, 0x0000000100000000)
  region size 1024K, 20 young (20480K), 12 survivors (12288K)
 Metaspace       used 158007K, committed 162304K, reserved 1245184K
  class space    used 21664K, committed 23360K, reserved 1048576K
}
Event: 12257.114 GC heap after
{Heap after GC invocations=179 (full 0):
 garbage-first heap   total 427008K, used 122639K [0x0000000080000000, 0x0000000100000000)
  region size 1024K, 2 young (2048K), 2 survivors (2048K)
 Metaspace       used 158007K, committed 162304K, reserved 1245184K
  class space    used 21664K, committed 23360K, reserved 1048576K
}
Event: 12257.116 GC heap before
{Heap before GC invocations=179 (full 0):
 garbage-first heap   total 427008K, used 123663K [0x0000000080000000, 0x0000000100000000)
  region size 1024K, 5 young (5120K), 2 survivors (2048K)
 Metaspace       used 158007K, committed 162304K, reserved 1245184K
  class space    used 21664K, committed 23360K, reserved 1048576K
}

