# JRE version: OpenJDK Runtime Environment (17.0.10) (build 17.0.10+0--11572160)
# Java VM: OpenJDK 64-Bit Server VM (17.0.10+0--11572160, mixed mode, tiered, compressed oops, compressed class ptrs, g1 gc, windows-amd64)
GC Precious Log:
 CPUs: 12 total, 12 available
 Memory: 16069M
 Large Page Support: Disabled
 NUMA Support: Disabled
 Compressed Oops: Enabled (32-bit)
 Heap Region Size: 1M
 Heap Min Capacity: 8M
 Heap Initial Capacity: 252M
 Heap Max Capacity: 2G
 Pre-touch: Disabled
 Parallel Workers: 10
 Concurrent Workers: 3
 Concurrent Refinement Workers: 10
 Periodic GC: Disabled
Heap:
 garbage-first heap   total 436224K, used 177123K [0x0000000080000000, 0x0000000100000000)
  region size 1024K, 76 young (77824K), 1 survivors (1024K)
 Metaspace       used 123917K, committed 124800K, reserved 1179648K
  class space    used 18406K, committed 18816K, reserved 1048576K
GC Heap History (20 events):
Event: 12.142 GC heap before
{Heap before GC invocations=31 (full 0):
 garbage-first heap   total 215040K, used 180415K [0x0000000080000000, 0x0000000100000000)
  region size 1024K, 94 young (96256K), 9 survivors (9216K)
 Metaspace       used 98713K, committed 99520K, reserved 1179648K
  class space    used 13885K, committed 14272K, reserved 1048576K
}
Event: 12.148 GC heap after
{Heap after GC invocations=32 (full 0):
 garbage-first heap   total 215040K, used 92413K [0x0000000080000000, 0x0000000100000000)
  region size 1024K, 11 young (11264K), 11 survivors (11264K)
 Metaspace       used 98713K, committed 99520K, reserved 1179648K
  class space    used 13885K, committed 14272K, reserved 1048576K
}
Event: 12.797 GC heap before
{Heap before GC invocations=32 (full 0):
 garbage-first heap   total 215040K, used 173309K [0x0000000080000000, 0x0000000100000000)
  region size 1024K, 91 young (93184K), 11 survivors (11264K)
 Metaspace       used 106844K, committed 107712K, reserved 1179648K
  class space    used 15436K, committed 15872K, reserved 1048576K
}
Event: 12.805 GC heap after
{Heap after GC invocations=33 (full 0):
 garbage-first heap   total 215040K, used 101641K [0x0000000080000000, 0x0000000100000000)
  region size 1024K, 10 young (10240K), 10 survivors (10240K)
 Metaspace       used 106844K, committed 107712K, reserved 1179648K
  class space    used 15436K, committed 15872K, reserved 1048576K
}
Event: 13.281 GC heap before
{Heap before GC invocations=33 (full 0):
 garbage-first heap   total 215040K, used 170249K [0x0000000080000000, 0x0000000100000000)
  region size 1024K, 78 young (79872K), 10 survivors (10240K)
 Metaspace       used 112940K, committed 113856K, reserved 1179648K
  class space    used 16706K, committed 17152K, reserved 1048576K
}
Event: 13.289 GC heap after
{Heap after GC invocations=34 (full 0):
 garbage-first heap   total 215040K, used 106896K [0x0000000080000000, 0x0000000100000000)
  region size 1024K, 6 young (6144K), 6 survivors (6144K)
 Metaspace       used 112940K, committed 113856K, reserved 1179648K
  class space    used 16706K, committed 17152K, reserved 1048576K
}
Event: 13.492 GC heap before
{Heap before GC invocations=34 (full 0):
 garbage-first heap   total 215040K, used 172432K [0x0000000080000000, 0x0000000100000000)
  region size 1024K, 71 young (72704K), 6 survivors (6144K)
 Metaspace       used 114814K, committed 115648K, reserved 1179648K
  class space    used 17066K, committed 17472K, reserved 1048576K
}
Event: 13.496 GC heap after
{Heap after GC invocations=35 (full 0):
 garbage-first heap   total 215040K, used 106787K [0x0000000080000000, 0x0000000100000000)
  region size 1024K, 3 young (3072K), 3 survivors (3072K)
 Metaspace       used 114814K, committed 115648K, reserved 1179648K
  class space    used 17066K, committed 17472K, reserved 1048576K
}
Event: 13.793 GC heap before
{Heap before GC invocations=36 (full 0):
 garbage-first heap   total 215040K, used 175395K [0x0000000080000000, 0x0000000100000000)
  region size 1024K, 70 young (71680K), 3 survivors (3072K)
 Metaspace       used 116814K, committed 117632K, reserved 1179648K
  class space    used 17526K, committed 17920K, reserved 1048576K
}
Event: 13.796 GC heap after
{Heap after GC invocations=37 (full 0):
 garbage-first heap   total 215040K, used 111550K [0x0000000080000000, 0x0000000100000000)
  region size 1024K, 6 young (6144K), 6 survivors (6144K)
 Metaspace       used 116814K, committed 117632K, reserved 1179648K
  class space    used 17526K, committed 17920K, reserved 1048576K
}
Event: 13.806 GC heap before
{Heap before GC invocations=37 (full 0):
 garbage-first heap   total 215040K, used 114622K [0x0000000080000000, 0x0000000100000000)
  region size 1024K, 10 young (10240K), 6 survivors (6144K)
 Metaspace       used 116829K, committed 117696K, reserved 1179648K
  class space    used 17526K, committed 17920K, reserved 1048576K
}
Event: 13.809 GC heap after
{Heap after GC invocations=38 (full 0):
 garbage-first heap   total 215040K, used 109456K [0x0000000080000000, 0x0000000100000000)
  region size 1024K, 2 young (2048K), 2 survivors (2048K)
 Metaspace       used 116829K, committed 117696K, reserved 1179648K
  class space    used 17526K, committed 17920K, reserved 1048576K
}
Event: 14.350 GC heap before
{Heap before GC invocations=38 (full 0):
 garbage-first heap   total 215040K, used 174992K [0x0000000080000000, 0x0000000100000000)
  region size 1024K, 67 young (68608K), 2 survivors (2048K)
 Metaspace       used 119158K, committed 120000K, reserved 1179648K
  class space    used 17908K, committed 18304K, reserved 1048576K
}
Event: 14.353 GC heap after
{Heap after GC invocations=39 (full 0):
 garbage-first heap   total 215040K, used 112724K [0x0000000080000000, 0x0000000100000000)
  region size 1024K, 5 young (5120K), 5 survivors (5120K)
 Metaspace       used 119158K, committed 120000K, reserved 1179648K
  class space    used 17908K, committed 18304K, reserved 1048576K
}
Event: 14.792 GC heap before
{Heap before GC invocations=40 (full 0):
 garbage-first heap   total 215040K, used 204884K [0x0000000080000000, 0x0000000100000000)
  region size 1024K, 24 young (24576K), 5 survivors (5120K)
 Metaspace       used 120979K, committed 121792K, reserved 1179648K
  class space    used 18124K, committed 18496K, reserved 1048576K
}
Event: 14.800 GC heap after
{Heap after GC invocations=41 (full 0):
 garbage-first heap   total 215040K, used 156063K [0x0000000080000000, 0x0000000100000000)
  region size 1024K, 6 young (6144K), 6 survivors (6144K)
 Metaspace       used 120979K, committed 121792K, reserved 1179648K
  class space    used 18124K, committed 18496K, reserved 1048576K
}
Event: 14.843 GC heap before
{Heap before GC invocations=41 (full 0):
 garbage-first heap   total 215040K, used 206239K [0x0000000080000000, 0x0000000100000000)
  region size 1024K, 7 young (7168K), 6 survivors (6144K)
 Metaspace       used 121058K, committed 121920K, reserved 1179648K
  class space    used 18136K, committed 18560K, reserved 1048576K
}
Event: 14.848 GC heap after
{Heap after GC invocations=42 (full 0):
 garbage-first heap   total 218112K, used 101465K [0x0000000080000000, 0x0000000100000000)
  region size 1024K, 1 young (1024K), 1 survivors (1024K)
 Metaspace       used 121058K, committed 121920K, reserved 1179648K
  class space    used 18136K, committed 18560K, reserved 1048576K
}
Event: 2091.551 GC heap before
{Heap before GC invocations=42 (full 0):
 garbage-first heap   total 218112K, used 168025K [0x0000000080000000, 0x0000000100000000)
  region size 1024K, 66 young (67584K), 1 survivors (1024K)
 Metaspace       used 123096K, committed 123968K, reserved 1179648K
  class space    used 18371K, committed 18752K, reserved 1048576K
}
Event: 2091.554 GC heap after
{Heap after GC invocations=43 (full 0):
 garbage-first heap   total 436224K, used 101347K [0x0000000080000000, 0x0000000100000000)
  region size 1024K, 1 young (1024K), 1 survivors (1024K)
 Metaspace       used 123096K, committed 123968K, reserved 1179648K
  class space    used 18371K, committed 18752K, reserved 1048576K
}

