# JRE version: OpenJDK Runtime Environment (17.0.10) (build 17.0.10+0--11572160)
# Java VM: OpenJDK 64-Bit Server VM (17.0.10+0--11572160, mixed mode, tiered, compressed oops, compressed class ptrs, g1 gc, windows-amd64)
GC Precious Log:
 CPUs: 12 total, 12 available
 Memory: 16069M
 Large Page Support: Disabled
 NUMA Support: Disabled
 Compressed Oops: Enabled (32-bit)
 Heap Region Size: 1M
 Heap Min Capacity: 8M
 Heap Initial Capacity: 252M
 Heap Max Capacity: 2G
 Pre-touch: Disabled
 Parallel Workers: 10
 Concurrent Workers: 3
 Concurrent Refinement Workers: 10
 Periodic GC: Disabled
Heap:
 garbage-first heap   total 258048K, used 128037K [0x0000000080000000, 0x0000000100000000)
  region size 1024K, 4 young (4096K), 4 survivors (4096K)
 Metaspace       used 130475K, committed 131328K, reserved 1179648K
  class space    used 18443K, committed 18880K, reserved 1048576K
GC Heap History (20 events):
Event: 444.587 GC heap after
{Heap after GC invocations=40 (full 0):
 garbage-first heap   total 242688K, used 92799K [0x0000000080000000, 0x0000000100000000)
  region size 1024K, 2 young (2048K), 2 survivors (2048K)
 Metaspace       used 100677K, committed 101504K, reserved 1179648K
  class space    used 14048K, committed 14464K, reserved 1048576K
}
Event: 445.168 GC heap before
{Heap before GC invocations=40 (full 0):
 garbage-first heap   total 242688K, used 130687K [0x0000000080000000, 0x0000000100000000)
  region size 1024K, 41 young (41984K), 2 survivors (2048K)
 Metaspace       used 101366K, committed 102208K, reserved 1179648K
  class space    used 14092K, committed 14528K, reserved 1048576K
}
Event: 445.171 GC heap after
{Heap after GC invocations=41 (full 0):
 garbage-first heap   total 242688K, used 97570K [0x0000000080000000, 0x0000000100000000)
  region size 1024K, 7 young (7168K), 7 survivors (7168K)
 Metaspace       used 101366K, committed 102208K, reserved 1179648K
  class space    used 14092K, committed 14528K, reserved 1048576K
}
Event: 445.967 GC heap before
{Heap before GC invocations=42 (full 0):
 garbage-first heap   total 242688K, used 206114K [0x0000000080000000, 0x0000000100000000)
  region size 1024K, 95 young (97280K), 7 survivors (7168K)
 Metaspace       used 105082K, committed 105856K, reserved 1179648K
  class space    used 14468K, committed 14848K, reserved 1048576K
}
Event: 445.972 GC heap after
{Heap after GC invocations=43 (full 0):
 garbage-first heap   total 242688K, used 99683K [0x0000000080000000, 0x0000000100000000)
  region size 1024K, 7 young (7168K), 7 survivors (7168K)
 Metaspace       used 105082K, committed 105856K, reserved 1179648K
  class space    used 14468K, committed 14848K, reserved 1048576K
}
Event: 446.030 GC heap before
{Heap before GC invocations=43 (full 0):
 garbage-first heap   total 242688K, used 102755K [0x0000000080000000, 0x0000000100000000)
  region size 1024K, 11 young (11264K), 7 survivors (7168K)
 Metaspace       used 105393K, committed 106176K, reserved 1179648K
  class space    used 14508K, committed 14912K, reserved 1048576K
}
Event: 446.035 GC heap after
{Heap after GC invocations=44 (full 0):
 garbage-first heap   total 242688K, used 96517K [0x0000000080000000, 0x0000000100000000)
  region size 1024K, 2 young (2048K), 2 survivors (2048K)
 Metaspace       used 105393K, committed 106176K, reserved 1179648K
  class space    used 14508K, committed 14912K, reserved 1048576K
}
Event: 447.542 GC heap before
{Heap before GC invocations=44 (full 0):
 garbage-first heap   total 242688K, used 189701K [0x0000000080000000, 0x0000000100000000)
  region size 1024K, 94 young (96256K), 2 survivors (2048K)
 Metaspace       used 107909K, committed 108736K, reserved 1179648K
  class space    used 14837K, committed 15232K, reserved 1048576K
}
Event: 447.549 GC heap after
{Heap after GC invocations=45 (full 0):
 garbage-first heap   total 242688K, used 103948K [0x0000000080000000, 0x0000000100000000)
  region size 1024K, 9 young (9216K), 9 survivors (9216K)
 Metaspace       used 107909K, committed 108736K, reserved 1179648K
  class space    used 14837K, committed 15232K, reserved 1048576K
}
Event: 448.556 GC heap before
{Heap before GC invocations=46 (full 0):
 garbage-first heap   total 242688K, used 193036K [0x0000000080000000, 0x0000000100000000)
  region size 1024K, 95 young (97280K), 9 survivors (9216K)
 Metaspace       used 116341K, committed 117248K, reserved 1179648K
  class space    used 15885K, committed 16320K, reserved 1048576K
}
Event: 448.566 GC heap after
{Heap after GC invocations=47 (full 0):
 garbage-first heap   total 242688K, used 119214K [0x0000000080000000, 0x0000000100000000)
  region size 1024K, 12 young (12288K), 12 survivors (12288K)
 Metaspace       used 116341K, committed 117248K, reserved 1179648K
  class space    used 15885K, committed 16320K, reserved 1048576K
}
Event: 448.587 GC heap before
{Heap before GC invocations=47 (full 0):
 garbage-first heap   total 242688K, used 120238K [0x0000000080000000, 0x0000000100000000)
  region size 1024K, 13 young (13312K), 12 survivors (12288K)
 Metaspace       used 116391K, committed 117248K, reserved 1179648K
  class space    used 15892K, committed 16320K, reserved 1048576K
}
Event: 448.597 GC heap after
{Heap after GC invocations=48 (full 0):
 garbage-first heap   total 242688K, used 119576K [0x0000000080000000, 0x0000000100000000)
  region size 1024K, 2 young (2048K), 2 survivors (2048K)
 Metaspace       used 116391K, committed 117248K, reserved 1179648K
  class space    used 15892K, committed 16320K, reserved 1048576K
}
Event: 448.759 GC heap before
{Heap before GC invocations=48 (full 0):
 garbage-first heap   total 242688K, used 131864K [0x0000000080000000, 0x0000000100000000)
  region size 1024K, 15 young (15360K), 2 survivors (2048K)
 Metaspace       used 116735K, committed 117568K, reserved 1179648K
  class space    used 15935K, committed 16320K, reserved 1048576K
}
Event: 448.762 GC heap after
{Heap after GC invocations=49 (full 0):
 garbage-first heap   total 242688K, used 118777K [0x0000000080000000, 0x0000000100000000)
  region size 1024K, 1 young (1024K), 1 survivors (1024K)
 Metaspace       used 116735K, committed 117568K, reserved 1179648K
  class space    used 15935K, committed 16320K, reserved 1048576K
}
Event: 449.413 GC heap before
{Heap before GC invocations=50 (full 0):
 garbage-first heap   total 242688K, used 195577K [0x0000000080000000, 0x0000000100000000)
  region size 1024K, 75 young (76800K), 1 survivors (1024K)
 Metaspace       used 122689K, committed 123456K, reserved 1179648K
  class space    used 16907K, committed 17280K, reserved 1048576K
}
Event: 449.419 GC heap after
{Heap after GC invocations=51 (full 0):
 garbage-first heap   total 242688K, used 128470K [0x0000000080000000, 0x0000000100000000)
  region size 1024K, 10 young (10240K), 10 survivors (10240K)
 Metaspace       used 122689K, committed 123456K, reserved 1179648K
  class space    used 16907K, committed 17280K, reserved 1048576K
}
Event: 449.427 GC heap before
{Heap before GC invocations=51 (full 0):
 garbage-first heap   total 242688K, used 129494K [0x0000000080000000, 0x0000000100000000)
  region size 1024K, 11 young (11264K), 10 survivors (10240K)
 Metaspace       used 122799K, committed 123648K, reserved 1179648K
  class space    used 16938K, committed 17344K, reserved 1048576K
}
Event: 449.433 GC heap after
{Heap after GC invocations=52 (full 0):
 garbage-first heap   total 242688K, used 125376K [0x0000000080000000, 0x0000000100000000)
  region size 1024K, 2 young (2048K), 2 survivors (2048K)
 Metaspace       used 122799K, committed 123648K, reserved 1179648K
  class space    used 16938K, committed 17344K, reserved 1048576K
}
Event: 449.911 GC heap before
{Heap before GC invocations=52 (full 0):
 garbage-first heap   total 242688K, used 191936K [0x0000000080000000, 0x0000000100000000)
  region size 1024K, 68 young (69632K), 2 survivors (2048K)
 Metaspace       used 130475K, committed 131328K, reserved 1179648K
  class space    used 18443K, committed 18880K, reserved 1048576K
}

