# JRE version: OpenJDK Runtime Environment (17.0.10) (build 17.0.10+0--11572160)
# Java VM: OpenJDK 64-Bit Server VM (17.0.10+0--11572160, mixed mode, tiered, compressed oops, compressed class ptrs, g1 gc, windows-amd64)
GC Precious Log:
 CPUs: 12 total, 12 available
 Memory: 16069M
 Large Page Support: Disabled
 NUMA Support: Disabled
 Compressed Oops: Enabled (32-bit)
 Heap Region Size: 1M
 Heap Min Capacity: 8M
 Heap Initial Capacity: 252M
 Heap Max Capacity: 2G
 Pre-touch: Disabled
 Parallel Workers: 10
 Concurrent Workers: 3
 Concurrent Refinement Workers: 10
 Periodic GC: Disabled
Heap:
 garbage-first heap   total 311296K, used 160675K [0x0000000080000000, 0x0000000100000000)
  region size 1024K, 11 young (11264K), 11 survivors (11264K)
 Metaspace       used 137944K, committed 138752K, reserved 1179648K
  class space    used 17976K, committed 18368K, reserved 1048576K
GC Heap History (20 events):
Event: 8.655 GC heap after
{Heap after GC invocations=25 (full 0):
 garbage-first heap   total 311296K, used 74127K [0x0000000080000000, 0x0000000100000000)
  region size 1024K, 4 young (4096K), 4 survivors (4096K)
 Metaspace       used 61365K, committed 61952K, reserved 1114112K
  class space    used 8427K, committed 8704K, reserved 1048576K
}
Event: 8.782 GC heap before
{Heap before GC invocations=25 (full 0):
 garbage-first heap   total 311296K, used 85391K [0x0000000080000000, 0x0000000100000000)
  region size 1024K, 15 young (15360K), 4 survivors (4096K)
 Metaspace       used 62402K, committed 63104K, reserved 1114112K
  class space    used 8579K, committed 8896K, reserved 1048576K
}
Event: 8.789 GC heap after
{Heap after GC invocations=26 (full 0):
 garbage-first heap   total 311296K, used 74171K [0x0000000080000000, 0x0000000100000000)
  region size 1024K, 1 young (1024K), 1 survivors (1024K)
 Metaspace       used 62402K, committed 63104K, reserved 1114112K
  class space    used 8579K, committed 8896K, reserved 1048576K
}
Event: 10.061 GC heap before
{Heap before GC invocations=26 (full 0):
 garbage-first heap   total 311296K, used 226747K [0x0000000080000000, 0x0000000100000000)
  region size 1024K, 143 young (146432K), 1 survivors (1024K)
 Metaspace       used 79344K, committed 80128K, reserved 1179648K
  class space    used 11210K, committed 11520K, reserved 1048576K
}
Event: 10.070 GC heap after
{Heap after GC invocations=27 (full 0):
 garbage-first heap   total 311296K, used 85362K [0x0000000080000000, 0x0000000100000000)
  region size 1024K, 12 young (12288K), 12 survivors (12288K)
 Metaspace       used 79344K, committed 80128K, reserved 1179648K
  class space    used 11210K, committed 11520K, reserved 1048576K
}
Event: 11.491 GC heap before
{Heap before GC invocations=27 (full 0):
 garbage-first heap   total 311296K, used 261490K [0x0000000080000000, 0x0000000100000000)
  region size 1024K, 170 young (174080K), 12 survivors (12288K)
 Metaspace       used 93077K, committed 93760K, reserved 1179648K
  class space    used 12704K, committed 12992K, reserved 1048576K
}
Event: 11.506 GC heap after
{Heap after GC invocations=28 (full 0):
 garbage-first heap   total 311296K, used 114632K [0x0000000080000000, 0x0000000100000000)
  region size 1024K, 19 young (19456K), 19 survivors (19456K)
 Metaspace       used 93077K, committed 93760K, reserved 1179648K
  class space    used 12704K, committed 12992K, reserved 1048576K
}
Event: 12.623 GC heap before
{Heap before GC invocations=28 (full 0):
 garbage-first heap   total 311296K, used 235464K [0x0000000080000000, 0x0000000100000000)
  region size 1024K, 137 young (140288K), 19 survivors (19456K)
 Metaspace       used 102459K, committed 103168K, reserved 1179648K
  class space    used 13857K, committed 14208K, reserved 1048576K
}
Event: 12.631 GC heap after
{Heap after GC invocations=29 (full 0):
 garbage-first heap   total 311296K, used 121767K [0x0000000080000000, 0x0000000100000000)
  region size 1024K, 8 young (8192K), 8 survivors (8192K)
 Metaspace       used 102459K, committed 103168K, reserved 1179648K
  class space    used 13857K, committed 14208K, reserved 1048576K
}
Event: 14.336 GC heap before
{Heap before GC invocations=30 (full 0):
 garbage-first heap   total 311296K, used 250791K [0x0000000080000000, 0x0000000100000000)
  region size 1024K, 134 young (137216K), 8 survivors (8192K)
 Metaspace       used 119102K, committed 119808K, reserved 1179648K
  class space    used 15666K, committed 16000K, reserved 1048576K
}
Event: 14.345 GC heap after
{Heap after GC invocations=31 (full 0):
 garbage-first heap   total 311296K, used 126118K [0x0000000080000000, 0x0000000100000000)
  region size 1024K, 12 young (12288K), 12 survivors (12288K)
 Metaspace       used 119102K, committed 119808K, reserved 1179648K
  class space    used 15666K, committed 16000K, reserved 1048576K
}
Event: 14.374 GC heap before
{Heap before GC invocations=31 (full 0):
 garbage-first heap   total 311296K, used 128166K [0x0000000080000000, 0x0000000100000000)
  region size 1024K, 15 young (15360K), 12 survivors (12288K)
 Metaspace       used 119602K, committed 120320K, reserved 1179648K
  class space    used 15707K, committed 16064K, reserved 1048576K
}
Event: 14.383 GC heap after
{Heap after GC invocations=32 (full 0):
 garbage-first heap   total 311296K, used 126976K [0x0000000080000000, 0x0000000100000000)
  region size 1024K, 2 young (2048K), 2 survivors (2048K)
 Metaspace       used 119602K, committed 120320K, reserved 1179648K
  class space    used 15707K, committed 16064K, reserved 1048576K
}
Event: 15.756 GC heap before
{Heap before GC invocations=32 (full 0):
 garbage-first heap   total 311296K, used 262144K [0x0000000080000000, 0x0000000100000000)
  region size 1024K, 126 young (129024K), 2 survivors (2048K)
 Metaspace       used 129779K, committed 130560K, reserved 1179648K
  class space    used 17042K, committed 17408K, reserved 1048576K
}
Event: 15.762 GC heap after
{Heap after GC invocations=33 (full 0):
 garbage-first heap   total 311296K, used 140029K [0x0000000080000000, 0x0000000100000000)
  region size 1024K, 11 young (11264K), 11 survivors (11264K)
 Metaspace       used 129779K, committed 130560K, reserved 1179648K
  class space    used 17042K, committed 17408K, reserved 1048576K
}
Event: 16.825 GC heap before
{Heap before GC invocations=34 (full 0):
 garbage-first heap   total 311296K, used 255741K [0x0000000080000000, 0x0000000100000000)
  region size 1024K, 123 young (125952K), 11 survivors (11264K)
 Metaspace       used 133868K, committed 134656K, reserved 1179648K
  class space    used 17585K, committed 17984K, reserved 1048576K
}
Event: 16.837 GC heap after
{Heap after GC invocations=35 (full 0):
 garbage-first heap   total 311296K, used 150414K [0x0000000080000000, 0x0000000100000000)
  region size 1024K, 11 young (11264K), 11 survivors (11264K)
 Metaspace       used 133868K, committed 134656K, reserved 1179648K
  class space    used 17585K, committed 17984K, reserved 1048576K
}
Event: 16.891 GC heap before
{Heap before GC invocations=35 (full 0):
 garbage-first heap   total 311296K, used 154510K [0x0000000080000000, 0x0000000100000000)
  region size 1024K, 15 young (15360K), 11 survivors (11264K)
 Metaspace       used 133921K, committed 134720K, reserved 1179648K
  class space    used 17592K, committed 17984K, reserved 1048576K
}
Event: 16.901 GC heap after
{Heap after GC invocations=36 (full 0):
 garbage-first heap   total 311296K, used 151777K [0x0000000080000000, 0x0000000100000000)
  region size 1024K, 2 young (2048K), 2 survivors (2048K)
 Metaspace       used 133921K, committed 134720K, reserved 1179648K
  class space    used 17592K, committed 17984K, reserved 1048576K
}
Event: 18.311 GC heap before
{Heap before GC invocations=36 (full 0):
 garbage-first heap   total 311296K, used 254177K [0x0000000080000000, 0x0000000100000000)
  region size 1024K, 102 young (104448K), 2 survivors (2048K)
 Metaspace       used 137944K, committed 138752K, reserved 1179648K
  class space    used 17976K, committed 18368K, reserved 1048576K
}

